2019-07-06 14:19:54.981  INFO 4820 --- [restartedMain] com.peitu.DoorplateQrcodeApplication     : Starting DoorplateQrcodeApplication on QCGH5SPSAIYGI4O with PID 4820 (E:\IdeaProjects\doorplate-qrcode\target\classes started by Administrator in E:\IdeaProjects\doorplate-qrcode)
2019-07-06 14:19:54.989  INFO 4820 --- [restartedMain] com.peitu.DoorplateQrcodeApplication     : No active profile set, falling back to default profiles: default
2019-07-06 14:19:56.256  INFO 4820 --- [restartedMain] .e.DevToolsPropertyDefaultsPostProcessor : Devtools property defaults active! Set 'spring.devtools.add-properties' to 'false' to disable
2019-07-06 14:19:56.256  INFO 4820 --- [restartedMain] .e.DevToolsPropertyDefaultsPostProcessor : For additional web related logging consider setting the 'logging.level.web' property to 'DEBUG'
2019-07-06 14:19:58.366  INFO 4820 --- [restartedMain] .s.d.r.c.RepositoryConfigurationDelegate : Multiple Spring Data modules found, entering strict repository configuration mode!
2019-07-06 14:19:58.371  INFO 4820 --- [restartedMain] .s.d.r.c.RepositoryConfigurationDelegate : Bootstrapping Spring Data repositories in DEFAULT mode.
2019-07-06 14:19:58.455  INFO 4820 --- [restartedMain] .s.d.r.c.RepositoryConfigurationDelegate : Finished Spring Data repository scanning in 56ms. Found 0 repository interfaces.
2019-07-06 14:19:59.226  INFO 4820 --- [restartedMain] trationDelegate$BeanPostProcessorChecker : Bean 'org.springframework.transaction.annotation.ProxyTransactionManagementConfiguration' of type [org.springframework.transaction.annotation.ProxyTransactionManagementConfiguration$$EnhancerBySpringCGLIB$$89af81ff] is not eligible for getting processed by all BeanPostProcessors (for example: not eligible for auto-proxying)
2019-07-06 14:19:59.971  INFO 4820 --- [restartedMain] o.s.b.w.embedded.tomcat.TomcatWebServer  : Tomcat initialized with port(s): 8080 (http)
2019-07-06 14:20:00.013  INFO 4820 --- [restartedMain] o.apache.catalina.core.StandardService   : Starting service [Tomcat]
2019-07-06 14:20:00.014  INFO 4820 --- [restartedMain] org.apache.catalina.core.StandardEngine  : Starting Servlet engine: [Apache Tomcat/9.0.19]
2019-07-06 14:20:00.237  INFO 4820 --- [restartedMain] o.a.c.c.C.[Tomcat].[localhost].[/]       : Initializing Spring embedded WebApplicationContext
2019-07-06 14:20:00.238  INFO 4820 --- [restartedMain] o.s.web.context.ContextLoader            : Root WebApplicationContext: initialization completed in 3981 ms
2019-07-06 14:20:01.558  INFO 4820 --- [restartedMain] o.s.s.concurrent.ThreadPoolTaskExecutor  : Initializing ExecutorService 'applicationTaskExecutor'
2019-07-06 14:20:01.694  INFO 4820 --- [restartedMain] com.zaxxer.hikari.HikariDataSource       : HikariPool-1 - Starting...
2019-07-06 14:20:01.905  INFO 4820 --- [restartedMain] com.zaxxer.hikari.HikariDataSource       : HikariPool-1 - Start completed.
2019-07-06 14:20:03.003  INFO 4820 --- [restartedMain] o.a.engine.impl.ProcessEngineImpl        : ProcessEngine default created
2019-07-06 14:20:03.005  INFO 4820 --- [restartedMain] o.a.e.i.a.AbstractAsyncJobExecutor       : Starting up the default async job executor [org.activiti.spring.SpringAsyncExecutor].
2019-07-06 14:20:03.008  INFO 4820 --- [Thread-24] o.a.e.i.a.AcquireAsyncJobsDueRunnable    : starting to acquire async jobs due
2019-07-06 14:20:03.008  INFO 4820 --- [Thread-23] o.a.e.i.a.AcquireTimerJobsRunnable       : starting to acquire async jobs due
2019-07-06 14:20:03.713  INFO 4820 --- [restartedMain] pertySourcedRequestMappingHandlerMapping : Mapped URL path [/v2/api-docs] onto method [public org.springframework.http.ResponseEntity<springfox.documentation.spring.web.json.Json> springfox.documentation.swagger2.web.Swagger2Controller.getDocumentation(java.lang.String,javax.servlet.http.HttpServletRequest)]
2019-07-06 14:20:03.920  INFO 4820 --- [restartedMain] o.s.b.d.a.OptionalLiveReloadServer       : LiveReload server is running on port 35729
2019-07-06 14:20:04.874  INFO 4820 --- [restartedMain] d.s.w.p.DocumentationPluginsBootstrapper : Context refreshed
2019-07-06 14:20:04.909  INFO 4820 --- [restartedMain] d.s.w.p.DocumentationPluginsBootstrapper : Found 1 custom documentation plugin(s)
2019-07-06 14:20:04.980  INFO 4820 --- [restartedMain] s.d.s.w.s.ApiListingReferenceScanner     : Scanning for api listing references
2019-07-06 14:20:05.323  INFO 4820 --- [restartedMain] o.s.b.w.embedded.tomcat.TomcatWebServer  : Tomcat started on port(s): 8080 (http) with context path ''
2019-07-06 14:20:05.329  INFO 4820 --- [restartedMain] com.peitu.DoorplateQrcodeApplication     : Started DoorplateQrcodeApplication in 12.129 seconds (JVM running for 15.097)
2019-07-06 14:20:34.333  INFO 4820 --- [http-nio-8080-exec-1] o.a.c.c.C.[Tomcat].[localhost].[/]       : Initializing Spring DispatcherServlet 'dispatcherServlet'
2019-07-06 14:20:34.334  INFO 4820 --- [http-nio-8080-exec-1] o.s.web.servlet.DispatcherServlet        : Initializing Servlet 'dispatcherServlet'
2019-07-06 14:20:34.350  INFO 4820 --- [http-nio-8080-exec-1] o.s.web.servlet.DispatcherServlet        : Completed initialization in 16 ms
2019-07-06 14:20:34.564  INFO 4820 --- [http-nio-8080-exec-1] o.a.t.util.descriptor.web.LoginConfig    : 服务器错误java.lang.NullPointerException
2019-07-06 14:20:34.568 ERROR 4820 --- [http-nio-8080-exec-1] o.a.t.util.descriptor.web.LoginConfig    : 捕获到Exception异常
2019-07-06 14:41:20.036  INFO 8728 --- [restartedMain] com.peitu.DoorplateQrcodeApplication     : Starting DoorplateQrcodeApplication on QCGH5SPSAIYGI4O with PID 8728 (E:\IdeaProjects\doorplate-qrcode\target\classes started by Administrator in E:\IdeaProjects\doorplate-qrcode)
2019-07-06 14:41:20.045  INFO 8728 --- [restartedMain] com.peitu.DoorplateQrcodeApplication     : No active profile set, falling back to default profiles: default
2019-07-06 14:41:20.323  INFO 8728 --- [restartedMain] .e.DevToolsPropertyDefaultsPostProcessor : Devtools property defaults active! Set 'spring.devtools.add-properties' to 'false' to disable
2019-07-06 14:41:20.324  INFO 8728 --- [restartedMain] .e.DevToolsPropertyDefaultsPostProcessor : For additional web related logging consider setting the 'logging.level.web' property to 'DEBUG'
2019-07-06 14:41:22.681  INFO 8728 --- [restartedMain] .s.d.r.c.RepositoryConfigurationDelegate : Multiple Spring Data modules found, entering strict repository configuration mode!
2019-07-06 14:41:22.685  INFO 8728 --- [restartedMain] .s.d.r.c.RepositoryConfigurationDelegate : Bootstrapping Spring Data repositories in DEFAULT mode.
2019-07-06 14:41:22.758  INFO 8728 --- [restartedMain] .s.d.r.c.RepositoryConfigurationDelegate : Finished Spring Data repository scanning in 50ms. Found 0 repository interfaces.
2019-07-06 14:41:23.479  INFO 8728 --- [restartedMain] trationDelegate$BeanPostProcessorChecker : Bean 'org.springframework.transaction.annotation.ProxyTransactionManagementConfiguration' of type [org.springframework.transaction.annotation.ProxyTransactionManagementConfiguration$$EnhancerBySpringCGLIB$$345695a5] is not eligible for getting processed by all BeanPostProcessors (for example: not eligible for auto-proxying)
2019-07-06 14:41:24.214  INFO 8728 --- [restartedMain] o.s.b.w.embedded.tomcat.TomcatWebServer  : Tomcat initialized with port(s): 8080 (http)
2019-07-06 14:41:24.258  INFO 8728 --- [restartedMain] o.apache.catalina.core.StandardService   : Starting service [Tomcat]
2019-07-06 14:41:24.258  INFO 8728 --- [restartedMain] org.apache.catalina.core.StandardEngine  : Starting Servlet engine: [Apache Tomcat/9.0.19]
2019-07-06 14:41:24.480  INFO 8728 --- [restartedMain] o.a.c.c.C.[Tomcat].[localhost].[/]       : Initializing Spring embedded WebApplicationContext
2019-07-06 14:41:24.481  INFO 8728 --- [restartedMain] o.s.web.context.ContextLoader            : Root WebApplicationContext: initialization completed in 4157 ms
2019-07-06 14:41:25.801  INFO 8728 --- [restartedMain] o.s.s.concurrent.ThreadPoolTaskExecutor  : Initializing ExecutorService 'applicationTaskExecutor'
2019-07-06 14:41:25.956  INFO 8728 --- [restartedMain] com.zaxxer.hikari.HikariDataSource       : HikariPool-1 - Starting...
2019-07-06 14:41:26.165  INFO 8728 --- [restartedMain] com.zaxxer.hikari.HikariDataSource       : HikariPool-1 - Start completed.
2019-07-06 14:41:27.180  INFO 8728 --- [restartedMain] o.a.engine.impl.ProcessEngineImpl        : ProcessEngine default created
2019-07-06 14:41:27.182  INFO 8728 --- [restartedMain] o.a.e.i.a.AbstractAsyncJobExecutor       : Starting up the default async job executor [org.activiti.spring.SpringAsyncExecutor].
2019-07-06 14:41:27.184  INFO 8728 --- [Thread-23] o.a.e.i.a.AcquireTimerJobsRunnable       : starting to acquire async jobs due
2019-07-06 14:41:27.187  INFO 8728 --- [Thread-24] o.a.e.i.a.AcquireAsyncJobsDueRunnable    : starting to acquire async jobs due
2019-07-06 14:41:27.840  INFO 8728 --- [restartedMain] pertySourcedRequestMappingHandlerMapping : Mapped URL path [/v2/api-docs] onto method [public org.springframework.http.ResponseEntity<springfox.documentation.spring.web.json.Json> springfox.documentation.swagger2.web.Swagger2Controller.getDocumentation(java.lang.String,javax.servlet.http.HttpServletRequest)]
2019-07-06 14:41:28.082  INFO 8728 --- [restartedMain] o.s.b.d.a.OptionalLiveReloadServer       : LiveReload server is running on port 35729
2019-07-06 14:41:28.965  INFO 8728 --- [restartedMain] d.s.w.p.DocumentationPluginsBootstrapper : Context refreshed
2019-07-06 14:41:29.001  INFO 8728 --- [restartedMain] d.s.w.p.DocumentationPluginsBootstrapper : Found 1 custom documentation plugin(s)
2019-07-06 14:41:29.069  INFO 8728 --- [restartedMain] s.d.s.w.s.ApiListingReferenceScanner     : Scanning for api listing references
2019-07-06 14:41:29.397  INFO 8728 --- [restartedMain] o.s.b.w.embedded.tomcat.TomcatWebServer  : Tomcat started on port(s): 8080 (http) with context path ''
2019-07-06 14:41:29.404  INFO 8728 --- [restartedMain] com.peitu.DoorplateQrcodeApplication     : Started DoorplateQrcodeApplication in 11.258 seconds (JVM running for 14.025)
2019-07-06 15:03:31.569  INFO 5592 --- [restartedMain] com.peitu.DoorplateQrcodeApplication     : Starting DoorplateQrcodeApplication on QCGH5SPSAIYGI4O with PID 5592 (E:\IdeaProjects\doorplate-qrcode\target\classes started by Administrator in E:\IdeaProjects\doorplate-qrcode)
2019-07-06 15:03:31.576  INFO 5592 --- [restartedMain] com.peitu.DoorplateQrcodeApplication     : No active profile set, falling back to default profiles: default
2019-07-06 15:03:31.733  INFO 5592 --- [restartedMain] .e.DevToolsPropertyDefaultsPostProcessor : Devtools property defaults active! Set 'spring.devtools.add-properties' to 'false' to disable
2019-07-06 15:03:31.733  INFO 5592 --- [restartedMain] .e.DevToolsPropertyDefaultsPostProcessor : For additional web related logging consider setting the 'logging.level.web' property to 'DEBUG'
2019-07-06 15:03:34.335  INFO 5592 --- [restartedMain] .s.d.r.c.RepositoryConfigurationDelegate : Multiple Spring Data modules found, entering strict repository configuration mode!
2019-07-06 15:03:34.339  INFO 5592 --- [restartedMain] .s.d.r.c.RepositoryConfigurationDelegate : Bootstrapping Spring Data repositories in DEFAULT mode.
2019-07-06 15:03:34.413  INFO 5592 --- [restartedMain] .s.d.r.c.RepositoryConfigurationDelegate : Finished Spring Data repository scanning in 51ms. Found 0 repository interfaces.
2019-07-06 15:03:35.208  INFO 5592 --- [restartedMain] trationDelegate$BeanPostProcessorChecker : Bean 'org.springframework.transaction.annotation.ProxyTransactionManagementConfiguration' of type [org.springframework.transaction.annotation.ProxyTransactionManagementConfiguration$$EnhancerBySpringCGLIB$$58781bda] is not eligible for getting processed by all BeanPostProcessors (for example: not eligible for auto-proxying)
2019-07-06 15:03:36.002  INFO 5592 --- [restartedMain] o.s.b.w.embedded.tomcat.TomcatWebServer  : Tomcat initialized with port(s): 8080 (http)
2019-07-06 15:03:36.044  INFO 5592 --- [restartedMain] o.apache.catalina.core.StandardService   : Starting service [Tomcat]
2019-07-06 15:03:36.045  INFO 5592 --- [restartedMain] org.apache.catalina.core.StandardEngine  : Starting Servlet engine: [Apache Tomcat/9.0.19]
2019-07-06 15:03:36.274  INFO 5592 --- [restartedMain] o.a.c.c.C.[Tomcat].[localhost].[/]       : Initializing Spring embedded WebApplicationContext
2019-07-06 15:03:36.275  INFO 5592 --- [restartedMain] o.s.web.context.ContextLoader            : Root WebApplicationContext: initialization completed in 4542 ms
2019-07-06 15:03:37.545  INFO 5592 --- [restartedMain] o.s.s.concurrent.ThreadPoolTaskExecutor  : Initializing ExecutorService 'applicationTaskExecutor'
2019-07-06 15:03:37.685  INFO 5592 --- [restartedMain] com.zaxxer.hikari.HikariDataSource       : HikariPool-1 - Starting...
2019-07-06 15:03:37.897  INFO 5592 --- [restartedMain] com.zaxxer.hikari.HikariDataSource       : HikariPool-1 - Start completed.
2019-07-06 15:03:38.952  INFO 5592 --- [restartedMain] o.a.engine.impl.ProcessEngineImpl        : ProcessEngine default created
2019-07-06 15:03:38.953  INFO 5592 --- [restartedMain] o.a.e.i.a.AbstractAsyncJobExecutor       : Starting up the default async job executor [org.activiti.spring.SpringAsyncExecutor].
2019-07-06 15:03:38.955  INFO 5592 --- [Thread-23] o.a.e.i.a.AcquireTimerJobsRunnable       : starting to acquire async jobs due
2019-07-06 15:03:38.955  INFO 5592 --- [Thread-24] o.a.e.i.a.AcquireAsyncJobsDueRunnable    : starting to acquire async jobs due
2019-07-06 15:03:39.610  INFO 5592 --- [restartedMain] pertySourcedRequestMappingHandlerMapping : Mapped URL path [/v2/api-docs] onto method [public org.springframework.http.ResponseEntity<springfox.documentation.spring.web.json.Json> springfox.documentation.swagger2.web.Swagger2Controller.getDocumentation(java.lang.String,javax.servlet.http.HttpServletRequest)]
2019-07-06 15:03:39.807  INFO 5592 --- [restartedMain] o.s.b.d.a.OptionalLiveReloadServer       : LiveReload server is running on port 35729
2019-07-06 15:03:40.741  INFO 5592 --- [restartedMain] d.s.w.p.DocumentationPluginsBootstrapper : Context refreshed
2019-07-06 15:03:40.776  INFO 5592 --- [restartedMain] d.s.w.p.DocumentationPluginsBootstrapper : Found 1 custom documentation plugin(s)
2019-07-06 15:03:40.846  INFO 5592 --- [restartedMain] s.d.s.w.s.ApiListingReferenceScanner     : Scanning for api listing references
2019-07-06 15:03:41.162  INFO 5592 --- [restartedMain] o.s.b.w.embedded.tomcat.TomcatWebServer  : Tomcat started on port(s): 8080 (http) with context path ''
2019-07-06 15:03:41.169  INFO 5592 --- [restartedMain] com.peitu.DoorplateQrcodeApplication     : Started DoorplateQrcodeApplication in 11.285 seconds (JVM running for 14.104)
2019-07-06 15:03:45.283  INFO 5592 --- [http-nio-8080-exec-2] o.a.c.c.C.[Tomcat].[localhost].[/]       : Initializing Spring DispatcherServlet 'dispatcherServlet'
2019-07-06 15:03:45.283  INFO 5592 --- [http-nio-8080-exec-2] o.s.web.servlet.DispatcherServlet        : Initializing Servlet 'dispatcherServlet'
2019-07-06 15:03:45.299  INFO 5592 --- [http-nio-8080-exec-2] o.s.web.servlet.DispatcherServlet        : Completed initialization in 16 ms
2019-07-06 15:03:45.551 ERROR 5592 --- [http-nio-8080-exec-2] o.a.t.util.descriptor.web.LoginConfig    : 捕获到Exception异常
2019-07-06 15:04:46.638  INFO 9144 --- [restartedMain] com.peitu.DoorplateQrcodeApplication     : Starting DoorplateQrcodeApplication on QCGH5SPSAIYGI4O with PID 9144 (E:\IdeaProjects\doorplate-qrcode\target\classes started by Administrator in E:\IdeaProjects\doorplate-qrcode)
2019-07-06 15:04:46.646  INFO 9144 --- [restartedMain] com.peitu.DoorplateQrcodeApplication     : No active profile set, falling back to default profiles: default
2019-07-06 15:04:46.795  INFO 9144 --- [restartedMain] .e.DevToolsPropertyDefaultsPostProcessor : Devtools property defaults active! Set 'spring.devtools.add-properties' to 'false' to disable
2019-07-06 15:04:46.795  INFO 9144 --- [restartedMain] .e.DevToolsPropertyDefaultsPostProcessor : For additional web related logging consider setting the 'logging.level.web' property to 'DEBUG'
2019-07-06 15:04:49.355  INFO 9144 --- [restartedMain] .s.d.r.c.RepositoryConfigurationDelegate : Multiple Spring Data modules found, entering strict repository configuration mode!
2019-07-06 15:04:49.359  INFO 9144 --- [restartedMain] .s.d.r.c.RepositoryConfigurationDelegate : Bootstrapping Spring Data repositories in DEFAULT mode.
2019-07-06 15:04:49.438  INFO 9144 --- [restartedMain] .s.d.r.c.RepositoryConfigurationDelegate : Finished Spring Data repository scanning in 56ms. Found 0 repository interfaces.
2019-07-06 15:04:50.156  INFO 9144 --- [restartedMain] trationDelegate$BeanPostProcessorChecker : Bean 'org.springframework.transaction.annotation.ProxyTransactionManagementConfiguration' of type [org.springframework.transaction.annotation.ProxyTransactionManagementConfiguration$$EnhancerBySpringCGLIB$$967e837a] is not eligible for getting processed by all BeanPostProcessors (for example: not eligible for auto-proxying)
2019-07-06 15:04:50.915  INFO 9144 --- [restartedMain] o.s.b.w.embedded.tomcat.TomcatWebServer  : Tomcat initialized with port(s): 8080 (http)
2019-07-06 15:04:50.963  INFO 9144 --- [restartedMain] o.apache.catalina.core.StandardService   : Starting service [Tomcat]
2019-07-06 15:04:50.964  INFO 9144 --- [restartedMain] org.apache.catalina.core.StandardEngine  : Starting Servlet engine: [Apache Tomcat/9.0.19]
2019-07-06 15:04:51.196  INFO 9144 --- [restartedMain] o.a.c.c.C.[Tomcat].[localhost].[/]       : Initializing Spring embedded WebApplicationContext
2019-07-06 15:04:51.197  INFO 9144 --- [restartedMain] o.s.web.context.ContextLoader            : Root WebApplicationContext: initialization completed in 4401 ms
2019-07-06 15:04:52.517  INFO 9144 --- [restartedMain] o.s.s.concurrent.ThreadPoolTaskExecutor  : Initializing ExecutorService 'applicationTaskExecutor'
2019-07-06 15:04:52.649  INFO 9144 --- [restartedMain] com.zaxxer.hikari.HikariDataSource       : HikariPool-1 - Starting...
2019-07-06 15:04:52.866  INFO 9144 --- [restartedMain] com.zaxxer.hikari.HikariDataSource       : HikariPool-1 - Start completed.
2019-07-06 15:04:53.882  INFO 9144 --- [restartedMain] o.a.engine.impl.ProcessEngineImpl        : ProcessEngine default created
2019-07-06 15:04:53.884  INFO 9144 --- [restartedMain] o.a.e.i.a.AbstractAsyncJobExecutor       : Starting up the default async job executor [org.activiti.spring.SpringAsyncExecutor].
2019-07-06 15:04:53.885  INFO 9144 --- [Thread-23] o.a.e.i.a.AcquireTimerJobsRunnable       : starting to acquire async jobs due
2019-07-06 15:04:53.886  INFO 9144 --- [Thread-24] o.a.e.i.a.AcquireAsyncJobsDueRunnable    : starting to acquire async jobs due
2019-07-06 15:04:54.552  INFO 9144 --- [restartedMain] pertySourcedRequestMappingHandlerMapping : Mapped URL path [/v2/api-docs] onto method [public org.springframework.http.ResponseEntity<springfox.documentation.spring.web.json.Json> springfox.documentation.swagger2.web.Swagger2Controller.getDocumentation(java.lang.String,javax.servlet.http.HttpServletRequest)]
2019-07-06 15:04:54.751  INFO 9144 --- [restartedMain] o.s.b.d.a.OptionalLiveReloadServer       : LiveReload server is running on port 35729
2019-07-06 15:04:55.648  INFO 9144 --- [restartedMain] d.s.w.p.DocumentationPluginsBootstrapper : Context refreshed
2019-07-06 15:04:55.683  INFO 9144 --- [restartedMain] d.s.w.p.DocumentationPluginsBootstrapper : Found 1 custom documentation plugin(s)
2019-07-06 15:04:55.756  INFO 9144 --- [restartedMain] s.d.s.w.s.ApiListingReferenceScanner     : Scanning for api listing references
2019-07-06 15:04:56.138  INFO 9144 --- [restartedMain] o.s.b.w.embedded.tomcat.TomcatWebServer  : Tomcat started on port(s): 8080 (http) with context path ''
2019-07-06 15:04:56.144  INFO 9144 --- [restartedMain] com.peitu.DoorplateQrcodeApplication     : Started DoorplateQrcodeApplication in 10.975 seconds (JVM running for 13.865)
2019-07-06 15:05:19.617  INFO 9144 --- [http-nio-8080-exec-1] o.a.c.c.C.[Tomcat].[localhost].[/]       : Initializing Spring DispatcherServlet 'dispatcherServlet'
2019-07-06 15:05:19.618  INFO 9144 --- [http-nio-8080-exec-1] o.s.web.servlet.DispatcherServlet        : Initializing Servlet 'dispatcherServlet'
2019-07-06 15:05:19.635  INFO 9144 --- [http-nio-8080-exec-1] o.s.web.servlet.DispatcherServlet        : Completed initialization in 17 ms
2019-07-06 15:05:19.852 ERROR 9144 --- [http-nio-8080-exec-1] o.a.t.util.descriptor.web.LoginConfig    : 捕获到Exception异常java.lang.NullPointerException
2019-07-06 15:06:14.128 ERROR 9144 --- [http-nio-8080-exec-3] o.a.t.util.descriptor.web.LoginConfig    : 必填校验异常:用户名不能为空(userName)
2019-07-06 15:26:15.859  INFO 4652 --- [restartedMain] com.peitu.DoorplateQrcodeApplication     : Starting DoorplateQrcodeApplication on QCGH5SPSAIYGI4O with PID 4652 (E:\IdeaProjects\doorplate-qrcode\target\classes started by Administrator in E:\IdeaProjects\doorplate-qrcode)
2019-07-06 15:26:15.868  INFO 4652 --- [restartedMain] com.peitu.DoorplateQrcodeApplication     : No active profile set, falling back to default profiles: default
2019-07-06 15:26:16.408  INFO 4652 --- [restartedMain] .e.DevToolsPropertyDefaultsPostProcessor : Devtools property defaults active! Set 'spring.devtools.add-properties' to 'false' to disable
2019-07-06 15:26:16.409  INFO 4652 --- [restartedMain] .e.DevToolsPropertyDefaultsPostProcessor : For additional web related logging consider setting the 'logging.level.web' property to 'DEBUG'
2019-07-06 15:26:19.205  INFO 4652 --- [restartedMain] .s.d.r.c.RepositoryConfigurationDelegate : Multiple Spring Data modules found, entering strict repository configuration mode!
2019-07-06 15:26:19.209  INFO 4652 --- [restartedMain] .s.d.r.c.RepositoryConfigurationDelegate : Bootstrapping Spring Data repositories in DEFAULT mode.
2019-07-06 15:26:19.276  INFO 4652 --- [restartedMain] .s.d.r.c.RepositoryConfigurationDelegate : Finished Spring Data repository scanning in 46ms. Found 0 repository interfaces.
2019-07-06 15:26:20.000  INFO 4652 --- [restartedMain] trationDelegate$BeanPostProcessorChecker : Bean 'org.springframework.transaction.annotation.ProxyTransactionManagementConfiguration' of type [org.springframework.transaction.annotation.ProxyTransactionManagementConfiguration$$EnhancerBySpringCGLIB$$fc33bd08] is not eligible for getting processed by all BeanPostProcessors (for example: not eligible for auto-proxying)
2019-07-06 15:26:20.831  INFO 4652 --- [restartedMain] o.s.b.w.embedded.tomcat.TomcatWebServer  : Tomcat initialized with port(s): 8080 (http)
2019-07-06 15:26:20.879  INFO 4652 --- [restartedMain] o.apache.catalina.core.StandardService   : Starting service [Tomcat]
2019-07-06 15:26:20.880  INFO 4652 --- [restartedMain] org.apache.catalina.core.StandardEngine  : Starting Servlet engine: [Apache Tomcat/9.0.19]
2019-07-06 15:26:21.143  INFO 4652 --- [restartedMain] o.a.c.c.C.[Tomcat].[localhost].[/]       : Initializing Spring embedded WebApplicationContext
2019-07-06 15:26:21.144  INFO 4652 --- [restartedMain] o.s.web.context.ContextLoader            : Root WebApplicationContext: initialization completed in 4734 ms
2019-07-06 15:26:22.467  INFO 4652 --- [restartedMain] o.s.s.concurrent.ThreadPoolTaskExecutor  : Initializing ExecutorService 'applicationTaskExecutor'
2019-07-06 15:26:22.609  INFO 4652 --- [restartedMain] com.zaxxer.hikari.HikariDataSource       : HikariPool-1 - Starting...
2019-07-06 15:26:22.812  INFO 4652 --- [restartedMain] com.zaxxer.hikari.HikariDataSource       : HikariPool-1 - Start completed.
2019-07-06 15:26:23.810  INFO 4652 --- [restartedMain] o.a.engine.impl.ProcessEngineImpl        : ProcessEngine default created
2019-07-06 15:26:23.812  INFO 4652 --- [restartedMain] o.a.e.i.a.AbstractAsyncJobExecutor       : Starting up the default async job executor [org.activiti.spring.SpringAsyncExecutor].
2019-07-06 15:26:23.814  INFO 4652 --- [Thread-23] o.a.e.i.a.AcquireTimerJobsRunnable       : starting to acquire async jobs due
2019-07-06 15:26:23.814  INFO 4652 --- [Thread-24] o.a.e.i.a.AcquireAsyncJobsDueRunnable    : starting to acquire async jobs due
2019-07-06 15:26:24.512  INFO 4652 --- [restartedMain] pertySourcedRequestMappingHandlerMapping : Mapped URL path [/v2/api-docs] onto method [public org.springframework.http.ResponseEntity<springfox.documentation.spring.web.json.Json> springfox.documentation.swagger2.web.Swagger2Controller.getDocumentation(java.lang.String,javax.servlet.http.HttpServletRequest)]
2019-07-06 15:26:24.703  INFO 4652 --- [restartedMain] o.s.b.d.a.OptionalLiveReloadServer       : LiveReload server is running on port 35729
2019-07-06 15:26:25.614  INFO 4652 --- [restartedMain] d.s.w.p.DocumentationPluginsBootstrapper : Context refreshed
2019-07-06 15:26:25.648  INFO 4652 --- [restartedMain] d.s.w.p.DocumentationPluginsBootstrapper : Found 1 custom documentation plugin(s)
2019-07-06 15:26:25.715  INFO 4652 --- [restartedMain] s.d.s.w.s.ApiListingReferenceScanner     : Scanning for api listing references
2019-07-06 15:26:26.059  INFO 4652 --- [restartedMain] o.s.b.w.embedded.tomcat.TomcatWebServer  : Tomcat started on port(s): 8080 (http) with context path ''
2019-07-06 15:26:26.066  INFO 4652 --- [restartedMain] com.peitu.DoorplateQrcodeApplication     : Started DoorplateQrcodeApplication in 11.923 seconds (JVM running for 15.424)
2019-07-06 15:27:09.626  INFO 4652 --- [http-nio-8080-exec-1] o.a.c.c.C.[Tomcat].[localhost].[/]       : Initializing Spring DispatcherServlet 'dispatcherServlet'
2019-07-06 15:27:09.627  INFO 4652 --- [http-nio-8080-exec-1] o.s.web.servlet.DispatcherServlet        : Initializing Servlet 'dispatcherServlet'
2019-07-06 15:27:09.643  INFO 4652 --- [http-nio-8080-exec-1] o.s.web.servlet.DispatcherServlet        : Completed initialization in 16 ms
2019-07-06 15:27:52.171 ERROR 4652 --- [http-nio-8080-exec-1] o.a.t.util.descriptor.web.LoginConfig    : 捕获到Exception异常：java.lang.NullPointerException
2019-07-06 15:28:33.380  INFO 5784 --- [restartedMain] com.peitu.DoorplateQrcodeApplication     : Starting DoorplateQrcodeApplication on QCGH5SPSAIYGI4O with PID 5784 (E:\IdeaProjects\doorplate-qrcode\target\classes started by Administrator in E:\IdeaProjects\doorplate-qrcode)
2019-07-06 15:28:33.389  INFO 5784 --- [restartedMain] com.peitu.DoorplateQrcodeApplication     : No active profile set, falling back to default profiles: default
2019-07-06 15:28:33.543  INFO 5784 --- [restartedMain] .e.DevToolsPropertyDefaultsPostProcessor : Devtools property defaults active! Set 'spring.devtools.add-properties' to 'false' to disable
2019-07-06 15:28:33.544  INFO 5784 --- [restartedMain] .e.DevToolsPropertyDefaultsPostProcessor : For additional web related logging consider setting the 'logging.level.web' property to 'DEBUG'
2019-07-06 15:28:36.438  INFO 5784 --- [restartedMain] .s.d.r.c.RepositoryConfigurationDelegate : Multiple Spring Data modules found, entering strict repository configuration mode!
2019-07-06 15:28:36.443  INFO 5784 --- [restartedMain] .s.d.r.c.RepositoryConfigurationDelegate : Bootstrapping Spring Data repositories in DEFAULT mode.
2019-07-06 15:28:36.514  INFO 5784 --- [restartedMain] .s.d.r.c.RepositoryConfigurationDelegate : Finished Spring Data repository scanning in 46ms. Found 0 repository interfaces.
2019-07-06 15:28:37.205  INFO 5784 --- [restartedMain] trationDelegate$BeanPostProcessorChecker : Bean 'org.springframework.transaction.annotation.ProxyTransactionManagementConfiguration' of type [org.springframework.transaction.annotation.ProxyTransactionManagementConfiguration$$EnhancerBySpringCGLIB$$26460646] is not eligible for getting processed by all BeanPostProcessors (for example: not eligible for auto-proxying)
2019-07-06 15:28:38.024  INFO 5784 --- [restartedMain] o.s.b.w.embedded.tomcat.TomcatWebServer  : Tomcat initialized with port(s): 8080 (http)
2019-07-06 15:28:38.067  INFO 5784 --- [restartedMain] o.apache.catalina.core.StandardService   : Starting service [Tomcat]
2019-07-06 15:28:38.068  INFO 5784 --- [restartedMain] org.apache.catalina.core.StandardEngine  : Starting Servlet engine: [Apache Tomcat/9.0.19]
2019-07-06 15:28:38.297  INFO 5784 --- [restartedMain] o.a.c.c.C.[Tomcat].[localhost].[/]       : Initializing Spring embedded WebApplicationContext
2019-07-06 15:28:38.297  INFO 5784 --- [restartedMain] o.s.web.context.ContextLoader            : Root WebApplicationContext: initialization completed in 4752 ms
2019-07-06 15:28:39.678  INFO 5784 --- [restartedMain] o.s.s.concurrent.ThreadPoolTaskExecutor  : Initializing ExecutorService 'applicationTaskExecutor'
2019-07-06 15:28:39.813  INFO 5784 --- [restartedMain] com.zaxxer.hikari.HikariDataSource       : HikariPool-1 - Starting...
2019-07-06 15:28:40.031  INFO 5784 --- [restartedMain] com.zaxxer.hikari.HikariDataSource       : HikariPool-1 - Start completed.
2019-07-06 15:28:41.029  INFO 5784 --- [restartedMain] o.a.engine.impl.ProcessEngineImpl        : ProcessEngine default created
2019-07-06 15:28:41.031  INFO 5784 --- [restartedMain] o.a.e.i.a.AbstractAsyncJobExecutor       : Starting up the default async job executor [org.activiti.spring.SpringAsyncExecutor].
2019-07-06 15:28:41.032  INFO 5784 --- [Thread-23] o.a.e.i.a.AcquireTimerJobsRunnable       : starting to acquire async jobs due
2019-07-06 15:28:41.035  INFO 5784 --- [Thread-24] o.a.e.i.a.AcquireAsyncJobsDueRunnable    : starting to acquire async jobs due
2019-07-06 15:28:41.751  INFO 5784 --- [restartedMain] pertySourcedRequestMappingHandlerMapping : Mapped URL path [/v2/api-docs] onto method [public org.springframework.http.ResponseEntity<springfox.documentation.spring.web.json.Json> springfox.documentation.swagger2.web.Swagger2Controller.getDocumentation(java.lang.String,javax.servlet.http.HttpServletRequest)]
2019-07-06 15:28:41.965  INFO 5784 --- [restartedMain] o.s.b.d.a.OptionalLiveReloadServer       : LiveReload server is running on port 35729
2019-07-06 15:28:42.840  INFO 5784 --- [restartedMain] d.s.w.p.DocumentationPluginsBootstrapper : Context refreshed
2019-07-06 15:28:42.873  INFO 5784 --- [restartedMain] d.s.w.p.DocumentationPluginsBootstrapper : Found 1 custom documentation plugin(s)
2019-07-06 15:28:42.941  INFO 5784 --- [restartedMain] s.d.s.w.s.ApiListingReferenceScanner     : Scanning for api listing references
2019-07-06 15:28:43.243  INFO 5784 --- [restartedMain] o.s.b.w.embedded.tomcat.TomcatWebServer  : Tomcat started on port(s): 8080 (http) with context path ''
2019-07-06 15:28:43.249  INFO 5784 --- [restartedMain] com.peitu.DoorplateQrcodeApplication     : Started DoorplateQrcodeApplication in 11.454 seconds (JVM running for 13.721)
2019-07-06 15:29:27.066  INFO 5784 --- [http-nio-8080-exec-1] o.a.c.c.C.[Tomcat].[localhost].[/]       : Initializing Spring DispatcherServlet 'dispatcherServlet'
2019-07-06 15:29:27.067  INFO 5784 --- [http-nio-8080-exec-1] o.s.web.servlet.DispatcherServlet        : Initializing Servlet 'dispatcherServlet'
2019-07-06 15:29:27.084  INFO 5784 --- [http-nio-8080-exec-1] o.s.web.servlet.DispatcherServlet        : Completed initialization in 17 ms
2019-07-06 15:29:27.190 ERROR 5784 --- [http-nio-8080-exec-1] o.a.t.util.descriptor.web.LoginConfig    : 捕获到Exception异常：java.lang.NullPointerException
2019-07-06 15:30:31.001 ERROR 5784 --- [http-nio-8080-exec-3] o.a.t.util.descriptor.web.LoginConfig    : 捕获到Exception异常：java.lang.NullPointerException
2019-07-06 15:35:11.256  INFO 6976 --- [restartedMain] com.peitu.DoorplateQrcodeApplication     : Starting DoorplateQrcodeApplication on QCGH5SPSAIYGI4O with PID 6976 (E:\IdeaProjects\doorplate-qrcode\target\classes started by Administrator in E:\IdeaProjects\doorplate-qrcode)
2019-07-06 15:35:11.264  INFO 6976 --- [restartedMain] com.peitu.DoorplateQrcodeApplication     : No active profile set, falling back to default profiles: default
2019-07-06 15:35:11.420  INFO 6976 --- [restartedMain] .e.DevToolsPropertyDefaultsPostProcessor : Devtools property defaults active! Set 'spring.devtools.add-properties' to 'false' to disable
2019-07-06 15:35:11.421  INFO 6976 --- [restartedMain] .e.DevToolsPropertyDefaultsPostProcessor : For additional web related logging consider setting the 'logging.level.web' property to 'DEBUG'
2019-07-06 15:35:13.910  INFO 6976 --- [restartedMain] .s.d.r.c.RepositoryConfigurationDelegate : Multiple Spring Data modules found, entering strict repository configuration mode!
2019-07-06 15:35:13.914  INFO 6976 --- [restartedMain] .s.d.r.c.RepositoryConfigurationDelegate : Bootstrapping Spring Data repositories in DEFAULT mode.
2019-07-06 15:35:13.981  INFO 6976 --- [restartedMain] .s.d.r.c.RepositoryConfigurationDelegate : Finished Spring Data repository scanning in 46ms. Found 0 repository interfaces.
2019-07-06 15:35:14.677  INFO 6976 --- [restartedMain] trationDelegate$BeanPostProcessorChecker : Bean 'org.springframework.transaction.annotation.ProxyTransactionManagementConfiguration' of type [org.springframework.transaction.annotation.ProxyTransactionManagementConfiguration$$EnhancerBySpringCGLIB$$5fbcdcb5] is not eligible for getting processed by all BeanPostProcessors (for example: not eligible for auto-proxying)
2019-07-06 15:35:15.356  INFO 6976 --- [restartedMain] o.s.b.w.embedded.tomcat.TomcatWebServer  : Tomcat initialized with port(s): 8080 (http)
2019-07-06 15:35:15.398  INFO 6976 --- [restartedMain] o.apache.catalina.core.StandardService   : Starting service [Tomcat]
2019-07-06 15:35:15.399  INFO 6976 --- [restartedMain] org.apache.catalina.core.StandardEngine  : Starting Servlet engine: [Apache Tomcat/9.0.19]
2019-07-06 15:35:15.615  INFO 6976 --- [restartedMain] o.a.c.c.C.[Tomcat].[localhost].[/]       : Initializing Spring embedded WebApplicationContext
2019-07-06 15:35:15.616  INFO 6976 --- [restartedMain] o.s.web.context.ContextLoader            : Root WebApplicationContext: initialization completed in 4194 ms
2019-07-06 15:35:16.835  INFO 6976 --- [restartedMain] o.s.s.concurrent.ThreadPoolTaskExecutor  : Initializing ExecutorService 'applicationTaskExecutor'
2019-07-06 15:35:16.971  INFO 6976 --- [restartedMain] com.zaxxer.hikari.HikariDataSource       : HikariPool-1 - Starting...
2019-07-06 15:35:17.169  INFO 6976 --- [restartedMain] com.zaxxer.hikari.HikariDataSource       : HikariPool-1 - Start completed.
2019-07-06 15:35:18.144  INFO 6976 --- [restartedMain] o.a.engine.impl.ProcessEngineImpl        : ProcessEngine default created
2019-07-06 15:35:18.146  INFO 6976 --- [restartedMain] o.a.e.i.a.AbstractAsyncJobExecutor       : Starting up the default async job executor [org.activiti.spring.SpringAsyncExecutor].
2019-07-06 15:35:18.148  INFO 6976 --- [Thread-22] o.a.e.i.a.AcquireTimerJobsRunnable       : starting to acquire async jobs due
2019-07-06 15:35:18.150  INFO 6976 --- [Thread-23] o.a.e.i.a.AcquireAsyncJobsDueRunnable    : starting to acquire async jobs due
2019-07-06 15:35:18.825  INFO 6976 --- [restartedMain] pertySourcedRequestMappingHandlerMapping : Mapped URL path [/v2/api-docs] onto method [public org.springframework.http.ResponseEntity<springfox.documentation.spring.web.json.Json> springfox.documentation.swagger2.web.Swagger2Controller.getDocumentation(java.lang.String,javax.servlet.http.HttpServletRequest)]
2019-07-06 15:35:19.055  INFO 6976 --- [restartedMain] o.s.b.d.a.OptionalLiveReloadServer       : LiveReload server is running on port 35729
2019-07-06 15:35:19.897  INFO 6976 --- [restartedMain] d.s.w.p.DocumentationPluginsBootstrapper : Context refreshed
2019-07-06 15:35:19.929  INFO 6976 --- [restartedMain] d.s.w.p.DocumentationPluginsBootstrapper : Found 1 custom documentation plugin(s)
2019-07-06 15:35:19.998  INFO 6976 --- [restartedMain] s.d.s.w.s.ApiListingReferenceScanner     : Scanning for api listing references
2019-07-06 15:35:20.277  INFO 6976 --- [restartedMain] o.s.b.w.embedded.tomcat.TomcatWebServer  : Tomcat started on port(s): 8080 (http) with context path ''
2019-07-06 15:35:20.282  INFO 6976 --- [restartedMain] com.peitu.DoorplateQrcodeApplication     : Started DoorplateQrcodeApplication in 10.405 seconds (JVM running for 13.385)
2019-07-06 15:35:25.807  INFO 6976 --- [http-nio-8080-exec-1] o.a.c.c.C.[Tomcat].[localhost].[/]       : Initializing Spring DispatcherServlet 'dispatcherServlet'
2019-07-06 15:35:25.808  INFO 6976 --- [http-nio-8080-exec-1] o.s.web.servlet.DispatcherServlet        : Initializing Servlet 'dispatcherServlet'
2019-07-06 15:35:25.824  INFO 6976 --- [http-nio-8080-exec-1] o.s.web.servlet.DispatcherServlet        : Completed initialization in 16 ms
2019-07-06 15:35:25.937 ERROR 6976 --- [http-nio-8080-exec-1] o.a.t.util.descriptor.web.LoginConfig    : 捕获到Exception异常：java.lang.NullPointerException
